2020-08-08 08:29:24,921 ----------------------------------------------------------------------------------------------------
2020-08-08 08:29:24,924 Model: "TextClassifier(
  (document_embeddings): DocumentLSTMEmbeddings(
    (embeddings): StackedEmbeddings(
      (list_embedding_0): ELMoEmbeddings(model=0-elmo-small-all)
    )
    (word_reprojection_map): Linear(in_features=768, out_features=256, bias=True)
    (rnn): GRU(256, 512)
    (dropout): Dropout(p=0.5, inplace=False)
  )
  (decoder): Linear(in_features=512, out_features=2, bias=True)
  (loss_function): CrossEntropyLoss()
  (beta): 1.0
  (weights): None
  (weight_tensor) None
)"
2020-08-08 08:29:24,927 ----------------------------------------------------------------------------------------------------
2020-08-08 08:29:24,934 Corpus: "Corpus: 6241 train + 999 dev + 694 test sentences"
2020-08-08 08:29:24,938 ----------------------------------------------------------------------------------------------------
2020-08-08 08:29:24,941 Parameters:
2020-08-08 08:29:24,945  - learning_rate: "0.1"
2020-08-08 08:29:24,948  - mini_batch_size: "32"
2020-08-08 08:29:24,951  - patience: "3"
2020-08-08 08:29:24,957  - anneal_factor: "0.5"
2020-08-08 08:29:24,959  - max_epochs: "20"
2020-08-08 08:29:24,962  - shuffle: "True"
2020-08-08 08:29:24,965  - train_with_dev: "False"
2020-08-08 08:29:24,969  - batch_growth_annealing: "False"
2020-08-08 08:29:24,971 ----------------------------------------------------------------------------------------------------
2020-08-08 08:29:24,974 Model training base path: "bert-base-model"
2020-08-08 08:29:24,977 ----------------------------------------------------------------------------------------------------
2020-08-08 08:29:24,979 Device: cuda:0
2020-08-08 08:29:24,992 ----------------------------------------------------------------------------------------------------
2020-08-08 08:29:24,995 Embeddings storage mode: cpu
2020-08-08 08:29:25,008 ----------------------------------------------------------------------------------------------------
2020-08-08 08:29:39,124 epoch 1 - iter 19/196 - loss 0.86903684 - samples/sec: 46.24
2020-08-08 08:29:52,066 epoch 1 - iter 38/196 - loss 0.79892125 - samples/sec: 48.92
2020-08-08 08:30:05,205 epoch 1 - iter 57/196 - loss 0.74995258 - samples/sec: 47.31
2020-08-08 08:30:26,126 epoch 1 - iter 76/196 - loss 0.71518846 - samples/sec: 30.23
2020-08-08 08:30:39,510 epoch 1 - iter 95/196 - loss 0.69754111 - samples/sec: 47.32
2020-08-08 08:30:57,889 epoch 1 - iter 114/196 - loss 0.67604837 - samples/sec: 34.02
2020-08-08 08:31:11,581 epoch 1 - iter 133/196 - loss 0.65897663 - samples/sec: 46.24
2020-08-08 08:31:24,424 epoch 1 - iter 152/196 - loss 0.64536439 - samples/sec: 49.40
2020-08-08 08:31:37,473 epoch 1 - iter 171/196 - loss 0.63634778 - samples/sec: 48.44
2020-08-08 08:31:50,184 epoch 1 - iter 190/196 - loss 0.63227098 - samples/sec: 50.06
2020-08-08 08:31:54,004 ----------------------------------------------------------------------------------------------------
2020-08-08 08:31:54,011 EPOCH 1 done: loss 0.6289 - lr 0.1000000
2020-08-08 08:32:16,738 DEV : loss 0.6304961442947388 - score 0.8616
2020-08-08 08:32:17,990 BAD EPOCHS (no improvement): 0
2020-08-08 08:32:18,279 ----------------------------------------------------------------------------------------------------
2020-08-08 08:32:32,120 epoch 2 - iter 19/196 - loss 0.55253966 - samples/sec: 46.68
2020-08-08 08:32:45,055 epoch 2 - iter 38/196 - loss 0.57121258 - samples/sec: 48.88
2020-08-08 08:33:03,742 epoch 2 - iter 57/196 - loss 0.57441236 - samples/sec: 33.11
2020-08-08 08:33:17,703 epoch 2 - iter 76/196 - loss 0.57376468 - samples/sec: 46.00
2020-08-08 08:33:30,972 epoch 2 - iter 95/196 - loss 0.56179721 - samples/sec: 47.90
2020-08-08 08:33:44,259 epoch 2 - iter 114/196 - loss 0.56288102 - samples/sec: 46.82
2020-08-08 08:33:57,592 epoch 2 - iter 133/196 - loss 0.55761070 - samples/sec: 47.31
2020-08-08 08:34:10,751 epoch 2 - iter 152/196 - loss 0.55258795 - samples/sec: 49.06
2020-08-08 08:34:23,999 epoch 2 - iter 171/196 - loss 0.54606563 - samples/sec: 46.96
2020-08-08 08:34:41,809 epoch 2 - iter 190/196 - loss 0.54498939 - samples/sec: 35.23
2020-08-08 08:34:47,983 ----------------------------------------------------------------------------------------------------
2020-08-08 08:34:47,988 EPOCH 2 done: loss 0.5433 - lr 0.1000000
2020-08-08 08:35:10,887 DEV : loss 0.8168269395828247 - score 0.8491
2020-08-08 08:35:12,429 BAD EPOCHS (no improvement): 1
2020-08-08 08:35:12,438 ----------------------------------------------------------------------------------------------------
2020-08-08 08:35:30,945 epoch 3 - iter 19/196 - loss 0.56576084 - samples/sec: 34.50
2020-08-08 08:35:48,731 epoch 3 - iter 38/196 - loss 0.54683020 - samples/sec: 35.24
2020-08-08 08:36:01,591 epoch 3 - iter 57/196 - loss 0.53979046 - samples/sec: 48.42
2020-08-08 08:36:15,020 epoch 3 - iter 76/196 - loss 0.52728081 - samples/sec: 47.22
2020-08-08 08:36:28,020 epoch 3 - iter 95/196 - loss 0.52300915 - samples/sec: 48.78
2020-08-08 08:36:44,117 epoch 3 - iter 114/196 - loss 0.51728636 - samples/sec: 39.17
2020-08-08 08:36:58,054 epoch 3 - iter 133/196 - loss 0.51275476 - samples/sec: 46.24
2020-08-08 08:37:11,804 epoch 3 - iter 152/196 - loss 0.52020935 - samples/sec: 45.35
2020-08-08 08:37:25,515 epoch 3 - iter 171/196 - loss 0.51502188 - samples/sec: 45.38
2020-08-08 08:37:39,065 epoch 3 - iter 190/196 - loss 0.51378373 - samples/sec: 46.08
2020-08-08 08:37:42,879 ----------------------------------------------------------------------------------------------------
2020-08-08 08:37:42,885 EPOCH 3 done: loss 0.5124 - lr 0.1000000
2020-08-08 08:38:06,993 DEV : loss 0.6512762308120728 - score 0.8849
2020-08-08 08:38:08,247 BAD EPOCHS (no improvement): 0
2020-08-08 08:38:08,572 ----------------------------------------------------------------------------------------------------
2020-08-08 08:38:22,735 epoch 4 - iter 19/196 - loss 0.49955899 - samples/sec: 45.94
2020-08-08 08:38:35,969 epoch 4 - iter 38/196 - loss 0.46678539 - samples/sec: 47.11
2020-08-08 08:38:48,947 epoch 4 - iter 57/196 - loss 0.48210495 - samples/sec: 47.93
2020-08-08 08:39:02,320 epoch 4 - iter 76/196 - loss 0.50589675 - samples/sec: 46.57
2020-08-08 08:39:21,035 epoch 4 - iter 95/196 - loss 0.50323371 - samples/sec: 32.98
2020-08-08 08:39:34,412 epoch 4 - iter 114/196 - loss 0.49377770 - samples/sec: 46.69
2020-08-08 08:39:50,606 epoch 4 - iter 133/196 - loss 0.49844503 - samples/sec: 38.16
2020-08-08 08:40:08,979 epoch 4 - iter 152/196 - loss 0.50266443 - samples/sec: 34.58
2020-08-08 08:40:22,018 epoch 4 - iter 171/196 - loss 0.49997600 - samples/sec: 48.59
2020-08-08 08:40:35,136 epoch 4 - iter 190/196 - loss 0.50187447 - samples/sec: 48.26
2020-08-08 08:40:38,697 ----------------------------------------------------------------------------------------------------
2020-08-08 08:40:38,701 EPOCH 4 done: loss 0.4974 - lr 0.1000000
2020-08-08 08:41:01,582 DEV : loss 0.8226762413978577 - score 0.8849
2020-08-08 08:41:02,843 BAD EPOCHS (no improvement): 1
2020-08-08 08:41:02,853 ----------------------------------------------------------------------------------------------------
2020-08-08 08:41:18,457 epoch 5 - iter 19/196 - loss 0.45943317 - samples/sec: 46.86
2020-08-08 08:41:32,036 epoch 5 - iter 38/196 - loss 0.45001654 - samples/sec: 46.66
2020-08-08 08:41:44,826 epoch 5 - iter 57/196 - loss 0.46666747 - samples/sec: 49.47
2020-08-08 08:41:58,865 epoch 5 - iter 76/196 - loss 0.45919690 - samples/sec: 45.01
2020-08-08 08:42:11,884 epoch 5 - iter 95/196 - loss 0.45595402 - samples/sec: 48.58
2020-08-08 08:42:30,283 epoch 5 - iter 114/196 - loss 0.45685566 - samples/sec: 34.18
2020-08-08 08:42:43,126 epoch 5 - iter 133/196 - loss 0.46298258 - samples/sec: 49.39
2020-08-08 08:42:56,004 epoch 5 - iter 152/196 - loss 0.46617066 - samples/sec: 49.11
2020-08-08 08:43:14,121 epoch 5 - iter 171/196 - loss 0.46955338 - samples/sec: 35.02
2020-08-08 08:43:29,780 epoch 5 - iter 190/196 - loss 0.47362103 - samples/sec: 39.47
2020-08-08 08:43:33,547 ----------------------------------------------------------------------------------------------------
2020-08-08 08:43:33,552 EPOCH 5 done: loss 0.4701 - lr 0.1000000
2020-08-08 08:43:56,100 DEV : loss 0.5251373052597046 - score 0.9061
2020-08-08 08:43:57,370 BAD EPOCHS (no improvement): 0
2020-08-08 08:43:57,658 ----------------------------------------------------------------------------------------------------
2020-08-08 08:44:16,049 epoch 6 - iter 19/196 - loss 0.47638962 - samples/sec: 35.04
2020-08-08 08:44:29,716 epoch 6 - iter 38/196 - loss 0.43179715 - samples/sec: 46.27
2020-08-08 08:44:46,829 epoch 6 - iter 57/196 - loss 0.43084431 - samples/sec: 36.18
2020-08-08 08:45:00,424 epoch 6 - iter 76/196 - loss 0.44879773 - samples/sec: 46.72
2020-08-08 08:45:18,922 epoch 6 - iter 95/196 - loss 0.47368456 - samples/sec: 33.75
2020-08-08 08:45:32,789 epoch 6 - iter 114/196 - loss 0.46645258 - samples/sec: 45.75
2020-08-08 08:45:46,586 epoch 6 - iter 133/196 - loss 0.45659892 - samples/sec: 45.01
2020-08-08 08:46:00,212 epoch 6 - iter 152/196 - loss 0.44914604 - samples/sec: 45.55
2020-08-08 08:46:14,128 epoch 6 - iter 171/196 - loss 0.45628725 - samples/sec: 46.14
2020-08-08 08:46:27,577 epoch 6 - iter 190/196 - loss 0.44909849 - samples/sec: 47.11
2020-08-08 08:46:31,407 ----------------------------------------------------------------------------------------------------
2020-08-08 08:46:31,414 EPOCH 6 done: loss 0.4462 - lr 0.1000000
2020-08-08 08:46:54,058 DEV : loss 0.516872763633728 - score 0.914
2020-08-08 08:46:55,332 BAD EPOCHS (no improvement): 0
2020-08-08 08:46:55,626 ----------------------------------------------------------------------------------------------------
2020-08-08 08:47:12,493 epoch 7 - iter 19/196 - loss 0.42904025 - samples/sec: 37.95
2020-08-08 08:47:25,620 epoch 7 - iter 38/196 - loss 0.42899344 - samples/sec: 48.22
2020-08-08 08:47:38,408 epoch 7 - iter 57/196 - loss 0.42256709 - samples/sec: 49.38
2020-08-08 08:47:51,913 epoch 7 - iter 76/196 - loss 0.40798869 - samples/sec: 45.91
2020-08-08 08:48:10,257 epoch 7 - iter 95/196 - loss 0.40038786 - samples/sec: 34.15
2020-08-08 08:48:28,925 epoch 7 - iter 114/196 - loss 0.39326626 - samples/sec: 33.06
2020-08-08 08:48:42,444 epoch 7 - iter 133/196 - loss 0.38465795 - samples/sec: 46.80
2020-08-08 08:48:56,297 epoch 7 - iter 152/196 - loss 0.37333069 - samples/sec: 45.79
2020-08-08 08:49:10,061 epoch 7 - iter 171/196 - loss 0.37258709 - samples/sec: 46.69
2020-08-08 08:49:23,330 epoch 7 - iter 190/196 - loss 0.37797789 - samples/sec: 46.83
2020-08-08 08:49:27,107 ----------------------------------------------------------------------------------------------------
2020-08-08 08:49:27,113 EPOCH 7 done: loss 0.3779 - lr 0.1000000
2020-08-08 08:49:49,091 DEV : loss 0.5951085090637207 - score 0.9148
2020-08-08 08:49:50,384 BAD EPOCHS (no improvement): 0
2020-08-08 08:49:50,670 ----------------------------------------------------------------------------------------------------
2020-08-08 08:50:04,771 epoch 8 - iter 19/196 - loss 0.32885800 - samples/sec: 45.88
2020-08-08 08:50:17,743 epoch 8 - iter 38/196 - loss 0.34622805 - samples/sec: 48.91
2020-08-08 08:50:35,876 epoch 8 - iter 57/196 - loss 0.34235950 - samples/sec: 34.63
2020-08-08 08:50:48,947 epoch 8 - iter 76/196 - loss 0.32243090 - samples/sec: 48.47
2020-08-08 08:51:04,950 epoch 8 - iter 95/196 - loss 0.31995076 - samples/sec: 39.99
2020-08-08 08:51:18,034 epoch 8 - iter 114/196 - loss 0.31812034 - samples/sec: 48.27
2020-08-08 08:51:32,023 epoch 8 - iter 133/196 - loss 0.32431893 - samples/sec: 44.66
2020-08-08 08:51:50,122 epoch 8 - iter 152/196 - loss 0.32298036 - samples/sec: 34.17
2020-08-08 08:52:03,895 epoch 8 - iter 171/196 - loss 0.31666184 - samples/sec: 45.05
2020-08-08 08:52:16,967 epoch 8 - iter 190/196 - loss 0.31324168 - samples/sec: 49.24
2020-08-08 08:52:20,796 ----------------------------------------------------------------------------------------------------
2020-08-08 08:52:20,802 EPOCH 8 done: loss 0.3116 - lr 0.1000000
2020-08-08 08:52:43,210 DEV : loss 0.7279521822929382 - score 0.8996
2020-08-08 08:52:44,472 BAD EPOCHS (no improvement): 1
2020-08-08 08:52:44,480 ----------------------------------------------------------------------------------------------------
2020-08-08 08:53:01,008 epoch 9 - iter 19/196 - loss 0.28820065 - samples/sec: 38.76
2020-08-08 08:53:14,295 epoch 9 - iter 38/196 - loss 0.26810719 - samples/sec: 47.96
2020-08-08 08:53:32,150 epoch 9 - iter 57/196 - loss 0.26782662 - samples/sec: 34.60
2020-08-08 08:53:50,550 epoch 9 - iter 76/196 - loss 0.26998567 - samples/sec: 34.05
2020-08-08 08:54:03,444 epoch 9 - iter 95/196 - loss 0.27001234 - samples/sec: 49.32
2020-08-08 08:54:16,324 epoch 9 - iter 114/196 - loss 0.26518997 - samples/sec: 49.22
2020-08-08 08:54:29,282 epoch 9 - iter 133/196 - loss 0.26417072 - samples/sec: 48.99
2020-08-08 08:54:42,343 epoch 9 - iter 152/196 - loss 0.26209367 - samples/sec: 47.64
2020-08-08 08:54:56,456 epoch 9 - iter 171/196 - loss 0.25772984 - samples/sec: 45.63
2020-08-08 08:55:09,847 epoch 9 - iter 190/196 - loss 0.25791788 - samples/sec: 47.09
2020-08-08 08:55:13,582 ----------------------------------------------------------------------------------------------------
2020-08-08 08:55:13,588 EPOCH 9 done: loss 0.2576 - lr 0.1000000
2020-08-08 08:55:35,982 DEV : loss 0.45591118931770325 - score 0.9207
2020-08-08 08:55:37,239 BAD EPOCHS (no improvement): 0
2020-08-08 08:55:37,547 ----------------------------------------------------------------------------------------------------
2020-08-08 08:55:54,134 epoch 10 - iter 19/196 - loss 0.26830934 - samples/sec: 38.87
2020-08-08 08:56:07,942 epoch 10 - iter 38/196 - loss 0.24359108 - samples/sec: 45.79
2020-08-08 08:56:21,747 epoch 10 - iter 57/196 - loss 0.23834237 - samples/sec: 45.86
2020-08-08 08:56:35,066 epoch 10 - iter 76/196 - loss 0.24461807 - samples/sec: 47.60
2020-08-08 08:56:52,875 epoch 10 - iter 95/196 - loss 0.24280945 - samples/sec: 35.17
2020-08-08 08:57:06,033 epoch 10 - iter 114/196 - loss 0.23625681 - samples/sec: 47.25
2020-08-08 08:57:23,882 epoch 10 - iter 133/196 - loss 0.23882125 - samples/sec: 35.09
2020-08-08 08:57:37,736 epoch 10 - iter 152/196 - loss 0.23927270 - samples/sec: 45.76
2020-08-08 08:57:51,623 epoch 10 - iter 171/196 - loss 0.23524710 - samples/sec: 44.70
2020-08-08 08:58:04,978 epoch 10 - iter 190/196 - loss 0.23728351 - samples/sec: 47.43
2020-08-08 08:58:08,884 ----------------------------------------------------------------------------------------------------
2020-08-08 08:58:08,890 EPOCH 10 done: loss 0.2485 - lr 0.1000000
2020-08-08 08:58:31,102 DEV : loss 0.5320945382118225 - score 0.902
2020-08-08 08:58:32,383 BAD EPOCHS (no improvement): 1
2020-08-08 08:58:32,392 ----------------------------------------------------------------------------------------------------
2020-08-08 08:58:51,431 epoch 11 - iter 19/196 - loss 0.22867218 - samples/sec: 33.49
2020-08-08 08:59:10,061 epoch 11 - iter 38/196 - loss 0.21598574 - samples/sec: 33.53
2020-08-08 08:59:23,737 epoch 11 - iter 57/196 - loss 0.21298646 - samples/sec: 46.43
2020-08-08 08:59:37,080 epoch 11 - iter 76/196 - loss 0.21070404 - samples/sec: 46.65
2020-08-08 08:59:49,706 epoch 11 - iter 95/196 - loss 0.21688241 - samples/sec: 50.37
2020-08-08 09:00:03,426 epoch 11 - iter 114/196 - loss 0.21775622 - samples/sec: 46.13
2020-08-08 09:00:16,895 epoch 11 - iter 133/196 - loss 0.22364147 - samples/sec: 46.80
2020-08-08 09:00:30,162 epoch 11 - iter 152/196 - loss 0.22056728 - samples/sec: 47.81
2020-08-08 09:00:43,857 epoch 11 - iter 171/196 - loss 0.22438911 - samples/sec: 46.22
2020-08-08 09:00:58,969 epoch 11 - iter 190/196 - loss 0.22279670 - samples/sec: 41.62
2020-08-08 09:01:02,745 ----------------------------------------------------------------------------------------------------
2020-08-08 09:01:02,752 EPOCH 11 done: loss 0.2213 - lr 0.1000000
2020-08-08 09:01:25,444 DEV : loss 0.5567432641983032 - score 0.9169
2020-08-08 09:01:26,700 BAD EPOCHS (no improvement): 2
2020-08-08 09:01:26,705 ----------------------------------------------------------------------------------------------------
2020-08-08 09:01:40,273 epoch 12 - iter 19/196 - loss 0.20808125 - samples/sec: 47.69
2020-08-08 09:01:58,179 epoch 12 - iter 38/196 - loss 0.21240716 - samples/sec: 34.98
2020-08-08 09:02:11,437 epoch 12 - iter 57/196 - loss 0.20167231 - samples/sec: 47.79
2020-08-08 09:02:24,830 epoch 12 - iter 76/196 - loss 0.20255575 - samples/sec: 47.31
2020-08-08 09:02:37,438 epoch 12 - iter 95/196 - loss 0.20054417 - samples/sec: 49.51
2020-08-08 09:02:50,153 epoch 12 - iter 114/196 - loss 0.20844131 - samples/sec: 49.96
2020-08-08 09:03:04,043 epoch 12 - iter 133/196 - loss 0.20406963 - samples/sec: 45.88
2020-08-08 09:03:17,202 epoch 12 - iter 152/196 - loss 0.20934161 - samples/sec: 48.21
2020-08-08 09:03:35,456 epoch 12 - iter 171/196 - loss 0.20677398 - samples/sec: 34.33
2020-08-08 09:03:51,177 epoch 12 - iter 190/196 - loss 0.20713769 - samples/sec: 39.43
2020-08-08 09:03:55,129 ----------------------------------------------------------------------------------------------------
2020-08-08 09:03:55,135 EPOCH 12 done: loss 0.2064 - lr 0.1000000
2020-08-08 09:04:17,555 DEV : loss 0.5308669209480286 - score 0.9174
2020-08-08 09:04:18,822 BAD EPOCHS (no improvement): 3
2020-08-08 09:04:18,830 ----------------------------------------------------------------------------------------------------
2020-08-08 09:04:32,284 epoch 13 - iter 19/196 - loss 0.18977473 - samples/sec: 48.30
2020-08-08 09:04:45,507 epoch 13 - iter 38/196 - loss 0.18833875 - samples/sec: 48.78
2020-08-08 09:04:58,798 epoch 13 - iter 57/196 - loss 0.17730579 - samples/sec: 47.62
2020-08-08 09:05:16,156 epoch 13 - iter 76/196 - loss 0.17754520 - samples/sec: 36.23
2020-08-08 09:05:29,611 epoch 13 - iter 95/196 - loss 0.18253578 - samples/sec: 47.19
2020-08-08 09:05:47,630 epoch 13 - iter 114/196 - loss 0.18301728 - samples/sec: 34.36
2020-08-08 09:06:00,288 epoch 13 - iter 133/196 - loss 0.18195974 - samples/sec: 50.07
2020-08-08 09:06:13,442 epoch 13 - iter 152/196 - loss 0.18343330 - samples/sec: 48.26
2020-08-08 09:06:26,219 epoch 13 - iter 171/196 - loss 0.17941332 - samples/sec: 49.60
2020-08-08 09:06:42,190 epoch 13 - iter 190/196 - loss 0.18629380 - samples/sec: 39.34
2020-08-08 09:06:46,189 ----------------------------------------------------------------------------------------------------
2020-08-08 09:06:46,195 EPOCH 13 done: loss 0.1867 - lr 0.1000000
2020-08-08 09:07:08,860 DEV : loss 0.42272767424583435 - score 0.9306
2020-08-08 09:07:10,107 BAD EPOCHS (no improvement): 0
2020-08-08 09:07:10,397 ----------------------------------------------------------------------------------------------------
2020-08-08 09:07:25,218 epoch 14 - iter 19/196 - loss 0.14369434 - samples/sec: 44.09
2020-08-08 09:07:38,781 epoch 14 - iter 38/196 - loss 0.15512525 - samples/sec: 46.02
2020-08-08 09:07:55,984 epoch 14 - iter 57/196 - loss 0.15943801 - samples/sec: 36.41
2020-08-08 09:08:14,496 epoch 14 - iter 76/196 - loss 0.15520434 - samples/sec: 33.37
2020-08-08 09:08:28,134 epoch 14 - iter 95/196 - loss 0.15823986 - samples/sec: 47.40
2020-08-08 09:08:41,427 epoch 14 - iter 114/196 - loss 0.16031927 - samples/sec: 47.65
2020-08-08 09:08:54,211 epoch 14 - iter 133/196 - loss 0.16940396 - samples/sec: 49.54
2020-08-08 09:09:07,078 epoch 14 - iter 152/196 - loss 0.16930653 - samples/sec: 48.33
2020-08-08 09:09:22,694 epoch 14 - iter 171/196 - loss 0.16596160 - samples/sec: 40.25
2020-08-08 09:09:35,305 epoch 14 - iter 190/196 - loss 0.16909777 - samples/sec: 50.32
2020-08-08 09:09:39,172 ----------------------------------------------------------------------------------------------------
2020-08-08 09:09:39,178 EPOCH 14 done: loss 0.1667 - lr 0.1000000
2020-08-08 09:10:01,615 DEV : loss 0.5014860033988953 - score 0.9276
2020-08-08 09:10:02,874 BAD EPOCHS (no improvement): 1
2020-08-08 09:10:02,880 ----------------------------------------------------------------------------------------------------
2020-08-08 09:10:17,068 epoch 15 - iter 19/196 - loss 0.19178708 - samples/sec: 45.83
2020-08-08 09:10:30,316 epoch 15 - iter 38/196 - loss 0.17498011 - samples/sec: 46.98
2020-08-08 09:10:43,401 epoch 15 - iter 57/196 - loss 0.15722345 - samples/sec: 47.54
2020-08-08 09:11:04,520 epoch 15 - iter 76/196 - loss 0.15144784 - samples/sec: 29.17
2020-08-08 09:11:17,399 epoch 15 - iter 95/196 - loss 0.16110033 - samples/sec: 49.17
2020-08-08 09:11:35,195 epoch 15 - iter 114/196 - loss 0.16441877 - samples/sec: 35.25
2020-08-08 09:11:48,897 epoch 15 - iter 133/196 - loss 0.16593154 - samples/sec: 45.39
2020-08-08 09:12:02,584 epoch 15 - iter 152/196 - loss 0.16548016 - samples/sec: 45.44
2020-08-08 09:12:16,036 epoch 15 - iter 171/196 - loss 0.16571118 - samples/sec: 47.12
2020-08-08 09:12:29,731 epoch 15 - iter 190/196 - loss 0.16842256 - samples/sec: 46.15
2020-08-08 09:12:33,465 ----------------------------------------------------------------------------------------------------
2020-08-08 09:12:33,467 EPOCH 15 done: loss 0.1660 - lr 0.1000000
2020-08-08 09:12:55,521 DEV : loss 0.47942957282066345 - score 0.9293
2020-08-08 09:12:56,797 BAD EPOCHS (no improvement): 2
2020-08-08 09:12:56,804 ----------------------------------------------------------------------------------------------------
2020-08-08 09:13:13,434 epoch 16 - iter 19/196 - loss 0.10624601 - samples/sec: 38.49
2020-08-08 09:13:26,515 epoch 16 - iter 38/196 - loss 0.09302678 - samples/sec: 47.76
2020-08-08 09:13:49,134 epoch 16 - iter 57/196 - loss 0.10868152 - samples/sec: 27.65
2020-08-08 09:14:02,157 epoch 16 - iter 76/196 - loss 0.12785725 - samples/sec: 48.51
2020-08-08 09:14:15,389 epoch 16 - iter 95/196 - loss 0.13914956 - samples/sec: 48.81
2020-08-08 09:14:28,760 epoch 16 - iter 114/196 - loss 0.14117498 - samples/sec: 47.44
2020-08-08 09:14:42,217 epoch 16 - iter 133/196 - loss 0.14202882 - samples/sec: 46.28
2020-08-08 09:14:55,975 epoch 16 - iter 152/196 - loss 0.14006735 - samples/sec: 45.37
2020-08-08 09:15:09,256 epoch 16 - iter 171/196 - loss 0.14375018 - samples/sec: 46.70
2020-08-08 09:15:22,346 epoch 16 - iter 190/196 - loss 0.14344384 - samples/sec: 48.36
2020-08-08 09:15:25,920 ----------------------------------------------------------------------------------------------------
2020-08-08 09:15:25,926 EPOCH 16 done: loss 0.1454 - lr 0.1000000
2020-08-08 09:15:48,096 DEV : loss 0.5077077150344849 - score 0.925
2020-08-08 09:15:49,357 BAD EPOCHS (no improvement): 3
2020-08-08 09:15:49,366 ----------------------------------------------------------------------------------------------------
2020-08-08 09:16:10,200 epoch 17 - iter 19/196 - loss 0.10598181 - samples/sec: 29.94
2020-08-08 09:16:23,466 epoch 17 - iter 38/196 - loss 0.11551487 - samples/sec: 46.87
2020-08-08 09:16:36,434 epoch 17 - iter 57/196 - loss 0.11876503 - samples/sec: 48.08
2020-08-08 09:16:49,544 epoch 17 - iter 76/196 - loss 0.12417166 - samples/sec: 47.54
2020-08-08 09:17:07,316 epoch 17 - iter 95/196 - loss 0.13144560 - samples/sec: 34.74
2020-08-08 09:17:20,891 epoch 17 - iter 114/196 - loss 0.13352072 - samples/sec: 46.57
2020-08-08 09:17:33,889 epoch 17 - iter 133/196 - loss 0.13737860 - samples/sec: 48.90
2020-08-08 09:17:47,114 epoch 17 - iter 152/196 - loss 0.13995092 - samples/sec: 47.86
2020-08-08 09:17:59,736 epoch 17 - iter 171/196 - loss 0.14203637 - samples/sec: 50.13
2020-08-08 09:18:12,661 epoch 17 - iter 190/196 - loss 0.14321716 - samples/sec: 48.35
2020-08-08 09:18:16,651 ----------------------------------------------------------------------------------------------------
2020-08-08 09:18:16,658 EPOCH 17 done: loss 0.1430 - lr 0.1000000
2020-08-08 09:18:38,972 DEV : loss 0.7020229697227478 - score 0.914
2020-08-08 09:18:40,241 BAD EPOCHS (no improvement): 4
2020-08-08 09:18:40,245 ----------------------------------------------------------------------------------------------------
2020-08-08 09:18:54,219 epoch 18 - iter 19/196 - loss 0.08556143 - samples/sec: 46.33
2020-08-08 09:19:12,451 epoch 18 - iter 38/196 - loss 0.12876041 - samples/sec: 34.46
2020-08-08 09:19:27,685 epoch 18 - iter 57/196 - loss 0.11828070 - samples/sec: 40.65
2020-08-08 09:19:40,873 epoch 18 - iter 76/196 - loss 0.11128604 - samples/sec: 49.04
2020-08-08 09:19:59,556 epoch 18 - iter 95/196 - loss 0.10560528 - samples/sec: 33.48
2020-08-08 09:20:12,300 epoch 18 - iter 114/196 - loss 0.10250793 - samples/sec: 48.92
2020-08-08 09:20:25,773 epoch 18 - iter 133/196 - loss 0.10550003 - samples/sec: 46.13
2020-08-08 09:20:38,815 epoch 18 - iter 152/196 - loss 0.10559303 - samples/sec: 48.64
2020-08-08 09:20:51,501 epoch 18 - iter 171/196 - loss 0.10484242 - samples/sec: 49.18
2020-08-08 09:21:04,742 epoch 18 - iter 190/196 - loss 0.10072211 - samples/sec: 47.76
2020-08-08 09:21:08,595 ----------------------------------------------------------------------------------------------------
2020-08-08 09:21:08,601 EPOCH 18 done: loss 0.1008 - lr 0.0500000
2020-08-08 09:21:30,280 DEV : loss 0.5493811964988708 - score 0.9259
2020-08-08 09:21:31,546 BAD EPOCHS (no improvement): 1
2020-08-08 09:21:31,551 ----------------------------------------------------------------------------------------------------
2020-08-08 09:21:45,255 epoch 19 - iter 19/196 - loss 0.07553236 - samples/sec: 46.19
2020-08-08 09:21:58,357 epoch 19 - iter 38/196 - loss 0.08035950 - samples/sec: 47.59
2020-08-08 09:22:11,579 epoch 19 - iter 57/196 - loss 0.07047270 - samples/sec: 48.00
2020-08-08 09:22:24,816 epoch 19 - iter 76/196 - loss 0.06845452 - samples/sec: 46.93
2020-08-08 09:22:43,723 epoch 19 - iter 95/196 - loss 0.07039527 - samples/sec: 33.04
2020-08-08 09:22:56,750 epoch 19 - iter 114/196 - loss 0.07305212 - samples/sec: 47.78
2020-08-08 09:23:09,539 epoch 19 - iter 133/196 - loss 0.07806205 - samples/sec: 48.58
2020-08-08 09:23:25,186 epoch 19 - iter 152/196 - loss 0.07866670 - samples/sec: 39.70
2020-08-08 09:23:43,165 epoch 19 - iter 171/196 - loss 0.08785040 - samples/sec: 34.84
2020-08-08 09:23:56,147 epoch 19 - iter 190/196 - loss 0.09398238 - samples/sec: 48.88
2020-08-08 09:23:59,641 ----------------------------------------------------------------------------------------------------
2020-08-08 09:23:59,643 EPOCH 19 done: loss 0.0945 - lr 0.0500000
2020-08-08 09:24:21,764 DEV : loss 0.4488963186740875 - score 0.9302
2020-08-08 09:24:23,016 BAD EPOCHS (no improvement): 2
2020-08-08 09:24:23,022 ----------------------------------------------------------------------------------------------------
2020-08-08 09:24:36,638 epoch 20 - iter 19/196 - loss 0.10983622 - samples/sec: 46.33
2020-08-08 09:24:49,780 epoch 20 - iter 38/196 - loss 0.10913109 - samples/sec: 48.20
2020-08-08 09:25:10,622 epoch 20 - iter 57/196 - loss 0.10374065 - samples/sec: 29.68
2020-08-08 09:25:23,620 epoch 20 - iter 76/196 - loss 0.09812350 - samples/sec: 47.86
2020-08-08 09:25:36,689 epoch 20 - iter 95/196 - loss 0.09736538 - samples/sec: 47.63
2020-08-08 09:25:49,757 epoch 20 - iter 114/196 - loss 0.09173596 - samples/sec: 47.73
2020-08-08 09:26:03,435 epoch 20 - iter 133/196 - loss 0.09040198 - samples/sec: 46.26
2020-08-08 09:26:16,265 epoch 20 - iter 152/196 - loss 0.08974960 - samples/sec: 49.67
2020-08-08 09:26:29,757 epoch 20 - iter 171/196 - loss 0.08976745 - samples/sec: 46.00
2020-08-08 09:26:48,068 epoch 20 - iter 190/196 - loss 0.08812539 - samples/sec: 34.16
2020-08-08 09:26:51,723 ----------------------------------------------------------------------------------------------------
2020-08-08 09:26:51,729 EPOCH 20 done: loss 0.0870 - lr 0.0500000
2020-08-08 09:27:13,663 DEV : loss 0.5949434041976929 - score 0.9271
2020-08-08 09:27:14,947 BAD EPOCHS (no improvement): 3
2020-08-08 09:27:15,217 ----------------------------------------------------------------------------------------------------
2020-08-08 09:27:15,223 Testing using best model ...
2020-08-08 09:27:15,228 loading file bert-base-model/best-model.pt
2020-08-08 09:40:16,588 loading file bert-base-model/best-model.pt
2020-08-08 09:44:56,280 loading file bert-base-model/best-model.pt
2020-08-08 09:45:17,050 loading file bert-base-model/best-model.pt
1,407 ----------------------------------------------------------------------------------------------------
2020-08-08 08:46:31,414 EPOCH 6 done: loss 0.4462 - lr 0.1000000
2020-08-08 08:46:54,058 DEV : loss 0.516872763633728 - score 0.914
2020-08-08 08:46:55,332 BAD EPOCHS (no improvement): 0
2020-08-08 08:46:55,626 ----------------------------------------------------------------------------------------------------
2020-08-08 08:47:12,493 epoch 7 - iter 19/196 - loss 0.42904025 - samples/sec: 37.95
2020-08-08 08:47:25,620 epoch 7 - iter 38/196 - loss 0.42899344 - samples/sec: 48.22
2020-08-08 08:47:38,408 epoch 7 - iter 57/196 - loss 0.42256709 - samples/sec: 49.38
2020-08-08 08:47:51,913 epoch 7 - iter 76/196 - loss 0.40798869 - samples/sec: 45.91
2020-08-08 08:48:10,257 epoch 7 - iter 95/196 - loss 0.40038786 - samples/sec: 34.15
2020-08-08 08:48:28,925 epoch 7 - iter 114/196 - loss 0.39326626 - samples/sec: 33.06
2020-08-08 08:48:42,444 epoch 7 - iter 133/196 - loss 0.38465795 - samples/sec: 46.80
2020-08-08 08:48:56,297 epoch 7 - iter 152/196 - loss 0.37333069 - samples/sec: 45.79
2020-08-08 08:49:10,061 epoch 7 - iter 171/196 - loss 0.37258709 - samples/sec: 46.69
2020-08-08 08:49:23,330 epoch 7 - iter 190/196 - loss 0.37797789 - samples/sec: 46.83
2020-08-08 08:49:27,107 ----------------------------------------------------------------------------------------------------
2020-08-08 08:49:27,113 EPOCH 7 done: loss 0.3779 - lr 0.1000000
2020-08-08 08:49:49,091 DEV : loss 0.5951085090637207 - score 0.9148
2020-08-08 08:49:50,384 BAD EPOCHS (no improvement): 0
2020-08-08 08:49:50,670 ----------------------------------------------------------------------------------------------------
2020-08-08 08:50:04,771 epoch 8 - iter 19/196 - loss 0.32885800 - samples/sec: 45.88
2020-08-08 08:50:17,743 epoch 8 - iter 38/196 - loss 0.34622805 - samples/sec: 48.91
2020-08-08 08:50:35,876 epoch 8 - iter 57/196 - loss 0.34235950 - samples/sec: 34.63
2020-08-08 08:50:48,947 epoch 8 - iter 76/196 - loss 0.32243090 - samples/sec: 48.47
2020-08-08 08:51:04,950 epoch 8 - iter 95/196 - loss 0.31995076 - samples/sec: 39.99
2020-08-08 08:51:18,034 epoch 8 - iter 114/196 - loss 0.31812034 - samples/sec: 48.27
2020-08-08 08:51:32,023 epoch 8 - iter 133/196 - loss 0.32431893 - samples/sec: 44.66
2020-08-08 08:51:50,122 epoch 8 - iter 152/196 - loss 0.32298036 - samples/sec: 34.17
2020-08-08 08:52:03,895 epoch 8 - iter 171/196 - loss 0.31666184 - samples/sec: 45.05
2020-08-08 08:52:16,967 epoch 8 - iter 190/196 - loss 0.31324168 - samples/sec: 49.24
2020-08-08 08:52:20,796 ----------------------------------------------------------------------------------------------------
2020-08-08 08:52:20,802 EPOCH 8 done: loss 0.3116 - lr 0.1000000
2020-08-08 08:52:43,210 DEV : loss 0.7279521822929382 - score 0.8996
2020-08-08 08:52:44,472 BAD EPOCHS (no improvement): 1
2020-08-08 08:52:44,480 ----------------------------------------------------------------------------------------------------
2020-08-08 08:53:01,008 epoch 9 - iter 19/196 - loss 0.28820065 - samples/sec: 38.76
2020-08-08 08:53:14,295 epoch 9 - iter 38/196 - loss 0.26810719 - samples/sec: 47.96
2020-08-08 08:53:32,150 epoch 9 - iter 57/196 - loss 0.26782662 - samples/sec: 34.60
2020-08-08 08:53:50,550 epoch 9 - iter 76/196 - loss 0.26998567 - samples/sec: 34.05
2020-08-08 08:54:03,444 epoch 9 - iter 95/196 - loss 0.27001234 - samples/sec: 49.32
2020-08-08 08:54:16,324 epoch 9 - iter 114/196 - loss 0.26518997 - samples/sec: 49.22
2020-08-08 08:54:29,282 epoch 9 - iter 133/196 - loss 0.26417072 - samples/sec: 48.99
2020-08-08 08:54:42,343 epoch 9 - iter 152/196 - loss 0.26209367 - samples/sec: 47.64
2020-08-08 08:54:56,456 epoch 9 - iter 171/196 - loss 0.25772984 - samples/sec: 45.63
2020-08-08 08:55:09,847 epoch 9 - iter 190/196 - loss 0.25791788 - samples/sec: 47.09
2020-08-08 08:55:13,582 ----------------------------------------------------------------------------------------------------
2020-08-08 08:55:13,588 EPOCH 9 done: loss 0.2576 - lr 0.1000000
2020-08-08 08:55:35,982 DEV : loss 0.45591118931770325 - score 0.9207
2020-08-08 08:55:37,239 BAD EPOCHS (no improvement): 0
2020-08-08 08:55:37,547 ----------------------------------------------------------------------------------------------------
2020-08-08 08:55:54,134 epoch 10 - iter 19/196 - loss 0.26830934 - samples/sec: 38.87
2020-08-08 08:56:07,942 epoch 10 - iter 38/196 - loss 0.24359108 - samples/sec: 45.79
2020-08-08 08:56:21,747 epoch 10 - iter 57/196 - loss 0.23834237 - samples/sec: 45.86
2020-08-08 08:56:35,066 epoch 10 - iter 76/196 - loss 0.24461807 - samples/sec: 47.60
2020-08-08 08:56:52,875 epoch 10 - iter 95/196 - loss 0.24280945 - samples/sec: 35.17
2020-08-08 08:57:06,033 epoch 10 - iter 114/196 - loss 0.23625681 - samples/sec: 47.25
2020-08-08 08:57:23,882 epoch 10 - iter 133/196 - loss 0.23882125 - samples/sec: 35.09
2020-08-08 08:57:37,736 epoch 10 - iter 152/196 - loss 0.23927270 - samples/sec: 45.76
2020-08-08 08:57:51,623 epoch 10 - iter 171/196 - loss 0.23524710 - samples/sec: 44.70
2020-08-08 08:58:04,978 epoch 10 - iter 190/196 - loss 0.23728351 - samples/sec: 47.43
2020-08-08 08:58:08,884 ----------------------------------------------------------------------------------------------------
2020-08-08 08:58:08,890 EPOCH 10 done: loss 0.2485 - lr 0.1000000
2020-08-08 08:58:31,102 DEV : loss 0.5320945382118225 - score 0.902
2020-08-08 08:58:32,383 BAD EPOCHS (no improvement): 1
2020-08-08 08:58:32,392 ----------------------------------------------------------------------------------------------------
2020-08-08 08:58:51,431 epoch 11 - iter 19/196 - loss 0.22867218 - samples/sec: 33.49
2020-08-08 08:59:10,061 epoch 11 - iter 38/196 - loss 0.21598574 - samples/sec: 33.53
2020-08-08 08:59:23,737 epoch 11 - iter 57/196 - loss 0.21298646 - samples/sec: 46.43
2020-08-08 08:59:37,080 epoch 11 - iter 76/196 - loss 0.21070404 - samples/sec: 46.65
2020-08-08 08:59:49,706 epoch 11 - iter 95/196 - loss 0.21688241 - samples/sec: 50.37
2020-08-08 09:00:03,426 epoch 11 - iter 114/196 - loss 0.21775622 - samples/sec: 46.13
2020-08-08 09:00:16,895 epoch 11 - iter 133/196 - loss 0.22364147 - samples/sec: 46.80
2020-08-08 09:00:30,162 epoch 11 - iter 152/196 - loss 0.22056728 - samples/sec: 47.81
2020-08-08 09:00:43,857 epoch 11 - iter 171/196 - loss 0.22438911 - samples/sec: 46.22
2020-08-08 09:00:58,969 epoch 11 - iter 190/196 - loss 0.22279670 - samples/sec: 41.62
2020-08-08 09:01:02,745 ----------------------------------------------------------------------------------------------------
2020-08-08 09:01:02,752 EPOCH 11 done: loss 0.2213 - lr 0.1000000
2020-08-08 09:01:25,444 DEV : loss 0.5567432641983032 - score 0.9169
2020-08-08 09:01:26,700 BAD EPOCHS (no improvement): 2
2020-08-08 09:01:26,705 ----------------------------------------------------------------------------------------------------
2020-08-08 09:01:40,273 epoch 12 - iter 19/196 - loss 0.20808125 - samples/sec: 47.69
2020-08-08 09:01:58,179 epoch 12 - iter 38/196 - loss 0.21240716 - samples/sec: 34.98
2020-08-08 09:02:11,437 epoch 12 - iter 57/196 - loss 0.20167231 - samples/sec: 47.79
2020-08-08 09:02:24,830 epoch 12 - iter 76/196 - loss 0.20255575 - samples/sec: 47.31
2020-08-08 09:02:37,438 epoch 12 - iter 95/196 - loss 0.20054417 - samples/sec: 49.51
2020-08-08 09:02:50,153 epoch 12 - iter 114/196 - loss 0.20844131 - samples/sec: 49.96
2020-08-08 09:03:04,043 epoch 12 - iter 133/196 - loss 0.20406963 - samples/sec: 45.88
2020-08-08 09:03:17,202 epoch 12 - iter 152/196 - loss 0.20934161 - samples/sec: 48.21
2020-08-08 09:03:35,456 epoch 12 - iter 171/196 - loss 0.20677398 - samples/sec: 34.33
2020-08-08 09:03:51,177 epoch 12 - iter 190/196 - loss 0.20713769 - samples/sec: 39.43
2020-08-08 09:03:55,129 ----------------------------------------------------------------------------------------------------
2020-08-08 09:03:55,135 EPOCH 12 done: loss 0.2064 - lr 0.1000000
2020-08-08 09:04:17,555 DEV : loss 0.5308669209480286 - score 0.9174
2020-08-08 09:04:18,822 BAD EPOCHS (no improvement): 3
2020-08-08 09:04:18,830 ----------------------------------------------------------------------------------------------------
2020-08-08 09:04:32,284 epoch 13 - iter 19/196 - loss 0.18977473 - samples/sec: 48.30
2020-08-08 09:04:45,507 epoch 13 - iter 38/196 - loss 0.18833875 - samples/sec: 48.78
2020-08-08 09:04:58,798 epoch 13 - iter 57/196 - loss 0.17730579 - samples/sec: 47.62
2020-08-08 09:05:16,156 epoch 13 - iter 76/196 - loss 0.17754520 - samples/sec: 36.23
2020-08-08 09:05:29,611 epoch 13 - iter 95/196 - loss 0.18253578 - samples/sec: 47.19
2020-08-08 09:05:47,630 epoch 13 - iter 114/196 - loss 0.18301728 - samples/sec: 34.36
2020-08-08 09:06:00,288 epoch 13 - iter 133/196 - loss 0.18195974 - samples/sec: 50.07
2020-08-08 09:06:13,442 epoch 13 - iter 152/196 - loss 0.18343330 - samples/sec: 48.26
2020-08-08 09:06:26,219 epoch 13 - iter 171/196 - loss 0.17941332 - samples/sec: 49.60
2020-08-08 09:06:42,190 epoch 13 - iter 190/196 - loss 0.18629380 - samples/sec: 39.34
2020-08-08 09:06:46,189 ----------------------------------------------------------------------------------------------------
2020-08-08 09:06:46,195 EPOCH 13 done: loss 0.1867 - lr 0.1000000
2020-08-08 09:07:08,860 DEV : loss 0.42272767424583435 - score 0.9306
2020-08-08 09:07:10,107 BAD EPOCHS (no improvement): 0
2020-08-08 09:07:10,397 ----------------------------------------------------------------------------------------------------
2020-08-08 09:07:25,218 epoch 14 - iter 19/196 - loss 0.14369434 - samples/sec: 44.09
2020-08-08 09:07:38,781 epoch 14 - iter 38/196 - loss 0.15512525 - samples/sec: 46.02
2020-08-08 09:07:55,984 epoch 14 - iter 57/196 - loss 0.15943801 - samples/sec: 36.41
2020-08-08 09:08:14,496 epoch 14 - iter 76/196 - loss 0.15520434 - samples/sec: 33.37
2020-08-08 09:08:28,134 epoch 14 - iter 95/196 - loss 0.15823986 - samples/sec: 47.40
2020-08-08 09:08:41,427 epoch 14 - iter 114/196 - loss 0.16031927 - samples/sec: 47.65
2020-08-08 09:08:54,211 epoch 14 - iter 133/196 - loss 0.16940396 - samples/sec: 49.54
2020-08-08 09:09:07,078 epoch 14 - iter 152/196 - loss 0.16930653 - samples/sec: 48.33
2020-08-08 09:09:22,694 epoch 14 - iter 171/196 - loss 0.16596160 - samples/sec: 40.25
2020-08-08 09:09:35,305 epoch 14 - iter 190/196 - loss 0.16909777 - samples/sec: 50.32
2020-08-08 09:09:39,172 ----------------------------------------------------------------------------------------------------
2020-08-08 09:09:39,178 EPOCH 14 done: loss 0.1667 - lr 0.1000000
2020-08-08 09:10:01,615 DEV : loss 0.5014860033988953 - score 0.9276
2020-08-08 09:10:02,874 BAD EPOCHS (no improvement): 1
2020-08-08 09:10:02,880 ----------------------------------------------------------------------------------------------------
2020-08-08 09:10:17,068 epoch 15 - iter 19/196 - loss 0.19178708 - samples/sec: 45.83
2020-08-08 09:10:30,316 epoch 15 - iter 38/196 - loss 0.17498011 - samples/sec: 46.98
2020-08-08 09:10:43,401 epoch 15 - iter 57/196 - loss 0.15722345 - samples/sec: 47.54
2020-08-08 09:11:04,520 epoch 15 - iter 76/196 - loss 0.15144784 - samples/sec: 29.17
2020-08-08 09:11:17,399 epoch 15 - iter 95/196 - loss 0.16110033 - samples/sec: 49.17
2020-08-08 09:11:35,195 epoch 15 - iter 114/196 - loss 0.16441877 - samples/sec: 35.25
2020-08-08 09:11:48,897 epoch 15 - iter 133/196 - loss 0.16593154 - samples/sec: 45.39
2020-08-08 09:12:02,584 epoch 15 - iter 152/196 - loss 0.16548016 - samples/sec: 45.44
2020-08-08 09:12:16,036 epoch 15 - iter 171/196 - loss 0.16571118 - samples/sec: 47.12
2020-08-08 09:12:29,731 epoch 15 - iter 190/196 - loss 0.16842256 - samples/sec: 46.15
2020-08-08 09:12:33,465 ----------------------------------------------------------------------------------------------------
2020-08-08 09:12:33,467 EPOCH 15 done: loss 0.1660 - lr 0.1000000
2020-08-08 09:12:55,521 DEV : loss 0.47942957282066345 - score 0.9293
2020-08-08 09:12:56,797 BAD EPOCHS (no improvement): 2
2020-08-08 09:12:56,804 ----------------------------------------------------------------------------------------------------
2020-08-08 09:13:13,434 epoch 16 - iter 19/196 - loss 0.10624601 - samples/sec: 38.49
2020-08-08 09:13:26,515 epoch 16 - iter 38/196 - loss 0.09302678 - samples/sec: 47.76
2020-08-08 09:13:49,134 epoch 16 - iter 57/196 - loss 0.10868152 - samples/sec: 27.65
2020-08-08 09:14:02,157 epoch 16 - iter 76/196 - loss 0.12785725 - samples/sec: 48.51
2020-08-08 09:14:15,389 epoch 16 - iter 95/196 - loss 0.13914956 - samples/sec: 48.81
2020-08-08 09:14:28,760 epoch 16 - iter 114/196 - loss 0.14117498 - samples/sec: 47.44
2020-08-08 09:14:42,217 epoch 16 - iter 133/196 - loss 0.14202882 - samples/sec: 46.28
2020-08-08 09:14:55,975 epoch 16 - iter 152/196 - loss 0.14006735 - samples/sec: 45.37
2020-08-08 09:15:09,256 epoch 16 - iter 171/196 - loss 0.14375018 - samples/sec: 46.70
2020-08-08 09:15:22,346 epoch 16 - iter 190/196 - loss 0.14344384 - samples/sec: 48.36
2020-08-08 09:15:25,920 ----------------------------------------------------------------------------------------------------
2020-08-08 09:15:25,926 EPOCH 16 done: loss 0.1454 - lr 0.1000000
2020-08-08 09:15:48,096 DEV : loss 0.5077077150344849 - score 0.925
2020-08-08 09:15:49,357 BAD EPOCHS (no improvement): 3
2020-08-08 09:15:49,366 ----------------------------------------------------------------------------------------------------
2020-08-08 09:16:10,200 epoch 17 - iter 19/196 - loss 0.10598181 - samples/sec: 29.94
2020-08-08 09:16:23,466 epoch 17 - iter 38/196 - loss 0.11551487 - samples/sec: 46.87
2020-08-08 09:16:36,434 epoch 17 - iter 57/196 - loss 0.11876503 - samples/sec: 48.08
2020-08-08 09:16:49,544 epoch 17 - iter 76/196 - loss 0.12417166 - samples/sec: 47.54
2020-08-08 09:17:07,316 epoch 17 - iter 95/196 - loss 0.13144560 - samples/sec: 34.74
2020-08-08 09:17:20,891 epoch 17 - iter 114/196 - loss 0.13352072 - samples/sec: 46.57
2020-08-08 09:17:33,889 epoch 17 - iter 133/196 - loss 0.13737860 - samples/sec: 48.90
2020-08-08 09:17:47,114 epoch 17 - iter 152/196 - loss 0.13995092 - samples/sec: 47.86
2020-08-08 09:17:59,736 epoch 17 - iter 171/196 - loss 0.14203637 - samples/sec: 50.13
2020-08-08 09:18:12,661 epoch 17 - iter 190/196 - loss 0.14321716 - samples/sec: 48.35
2020-08-08 09:18:16,651 ----------------------------------------------------------------------------------------------------
2020-08-08 09:18:16,658 EPOCH 17 done: loss 0.1430 - lr 0.1000000
2020-08-08 09:18:38,972 DEV : loss 0.7020229697227478 - score 0.914
2020-08-08 09:18:40,241 BAD EPOCHS (no improvement): 4
2020-08-08 09:18:40,245 ----------------------------------------------------------------------------------------------------
2020-08-08 09:18:54,219 epoch 18 - iter 19/196 - loss 0.08556143 - samples/sec: 46.33
2020-08-08 09:19:12,451 epoch 18 - iter 38/196 - loss 0.12876041 - samples/sec: 34.46
2020-08-08 09:19:27,685 epoch 18 - iter 57/196 - loss 0.11828070 - samples/sec: 40.65
2020-08-08 09:19:40,873 epoch 18 - iter 76/196 - loss 0.11128604 - samples/sec: 49.04
2020-08-08 09:19:59,556 epoch 18 - iter 95/196 - loss 0.10560528 - samples/sec: 33.48
2020-08-08 09:20:12,300 epoch 18 - iter 114/196 - loss 0.10250793 - samples/sec: 48.92
2020-08-08 09:20:25,773 epoch 18 - iter 133/196 - loss 0.10550003 - samples/sec: 46.13
2020-08-08 09:20:38,815 epoch 18 - iter 152/196 - loss 0.10559303 - samples/sec: 48.64
2020-08-08 09:20:51,501 epoch 18 - iter 171/196 - loss 0.10484242 - samples/sec: 49.18
2020-08-08 09:21:04,742 epoch 18 - iter 190/196 - loss 0.10072211 - samples/sec: 47.76
2020-08-08 09:21:08,595 ----------------------------------------------------------------------------------------------------
2020-08-08 09:21:08,601 EPOCH 18 done: loss 0.1008 - lr 0.0500000
2020-08-08 09:21:30,280 DEV : loss 0.5493811964988708 - score 0.9259
2020-08-08 09:21:31,546 BAD EPOCHS (no improvement): 1
2020-08-08 09:21:31,551 ----------------------------------------------------------------------------------------------------
2020-08-08 09:21:45,255 epoch 19 - iter 19/196 - loss 0.07553236 - samples/sec: 46.19
2020-08-08 09:21:58,357 epoch 19 - iter 38/196 - loss 0.08035950 - samples/sec: 47.59
2020-08-08 09:22:11,579 epoch 19 - iter 57/196 - loss 0.07047270 - samples/sec: 48.00
2020-08-08 09:22:24,816 epoch 19 - iter 76/196 - loss 0.06845452 - samples/sec: 46.93
2020-08-08 09:22:43,723 epoch 19 - iter 95/196 - loss 0.07039527 - samples/sec: 33.04
2020-08-08 09:22:56,750 epoch 19 - iter 114/196 - loss 0.07305212 - samples/sec: 47.78
2020-08-08 09:23:09,539 epoch 19 - iter 133/196 - loss 0.07806205 - samples/sec: 48.58
2020-08-08 09:23:25,186 epoch 19 - iter 152/196 - loss 0.07866670 - samples/sec: 39.70
2020-08-08 09:23:43,165 epoch 19 - iter 171/196 - loss 0.08785040 - samples/sec: 34.84
2020-08-08 09:23:56,147 epoch 19 - iter 190/196 - loss 0.09398238 - samples/sec: 48.88
2020-08-08 09:23:59,641 ----------------------------------------------------------------------------------------------------
2020-08-08 09:23:59,643 EPOCH 19 done: loss 0.0945 - lr 0.0500000
2020-08-08 09:24:21,764 DEV : loss 0.4488963186740875 - score 0.9302
2020-08-08 09:24:23,016 BAD EPOCHS (no improvement): 2
2020-08-08 09:24:23,022 ----------------------------------------------------------------------------------------------------
2020-08-08 09:24:36,638 epoch 20 - iter 19/196 - loss 0.10983622 - samples/sec: 46.33
2020-08-08 09:24:49,780 epoch 20 - iter 38/196 - loss 0.10913109 - samples/sec: 48.20
2020-08-08 09:25:10,622 epoch 20 - iter 57/196 - loss 0.10374065 - samples/sec: 29.68
2020-08-08 09:25:23,620 epoch 20 - iter 76/196 - loss 0.09812350 - samples/sec: 47.86
2020-08-08 09:25:36,689 epoch 20 - iter 95/196 - loss 0.09736538 - samples/sec: 47.63
2020-08-08 09:25:49,757 epoch 20 - iter 114/196 - loss 0.09173596 - samples/sec: 47.73
2020-08-08 09:26:03,435 epoch 20 - iter 133/196 - loss 0.09040198 - samples/sec: 46.26
2020-08-08 09:26:16,265 epoch 20 - iter 152/196 - loss 0.08974960 - samples/sec: 49.67
2020-08-08 09:26:29,757 epoch 20 - iter 171/196 - loss 0.08976745 - samples/sec: 46.00
2020-08-08 09:26:48,068 epoch 20 - iter 190/196 - loss 0.08812539 - samples/sec: 34.16
2020-08-08 09:26:51,723 ----------------------------------------------------------------------------------------------------
2020-08-08 09:26:51,729 EPOCH 20 done: loss 0.0870 - lr 0.0500000
2020-08-08 09:27:13,663 DEV : loss 0.5949434041976929 - score 0.9271
2020-08-08 09:27:14,947 BAD EPOCHS (no improvement): 3
2020-08-08 09:27:15,217 ----------------------------------------------------------------------------------------------------
2020-08-08 09:27:15,223 Testing using best model ...
2020-08-08 09:27:15,228 loading file bert-base-model/best-model.pt
2020-08-08 09:40:16,588 loading file bert-base-model/best-model.pt
2020-08-08 09:44:56,280 loading file bert-base-model/best-model.pt
2020-08-08 09:45:17,050 loading file bert-base-model/best-model.pt

2020-08-08 08:50:04,771 epoch 8 - iter 19/196 - loss 0.32885800 - samples/sec: 45.88
2020-08-08 08:50:17,743 epoch 8 - iter 38/196 - loss 0.34622805 - samples/sec: 48.91
2020-08-08 08:50:35,876 epoch 8 - iter 57/196 - loss 0.34235950 - samples/sec: 34.63
2020-08-08 08:50:48,947 epoch 8 - iter 76/196 - loss 0.32243090 - samples/sec: 48.47
2020-08-08 08:51:04,950 epoch 8 - iter 95/196 - loss 0.31995076 - samples/sec: 39.99
2020-08-08 08:51:18,034 epoch 8 - iter 114/196 - loss 0.31812034 - samples/sec: 48.27
2020-08-08 08:51:32,023 epoch 8 - iter 133/196 - loss 0.32431893 - samples/sec: 44.66
2020-08-08 08:51:50,122 epoch 8 - iter 152/196 - loss 0.32298036 - samples/sec: 34.17
2020-08-08 08:52:03,895 epoch 8 - iter 171/196 - loss 0.31666184 - samples/sec: 45.05
2020-08-08 08:52:16,967 epoch 8 - iter 190/196 - loss 0.31324168 - samples/sec: 49.24
2020-08-08 08:52:20,796 ----------------------------------------------------------------------------------------------------
2020-08-08 08:52:20,802 EPOCH 8 done: loss 0.3116 - lr 0.1000000
2020-08-08 08:52:43,210 DEV : loss 0.7279521822929382 - score 0.8996
2020-08-08 08:52:44,472 BAD EPOCHS (no improvement): 1
2020-08-08 08:52:44,480 ----------------------------------------------------------------------------------------------------
2020-08-08 08:53:01,008 epoch 9 - iter 19/196 - loss 0.28820065 - samples/sec: 38.76
2020-08-08 08:53:14,295 epoch 9 - iter 38/196 - loss 0.26810719 - samples/sec: 47.96
2020-08-08 08:53:32,150 epoch 9 - iter 57/196 - loss 0.26782662 - samples/sec: 34.60
2020-08-08 08:53:50,550 epoch 9 - iter 76/196 - loss 0.26998567 - samples/sec: 34.05
2020-08-08 08:54:03,444 epoch 9 - iter 95/196 - loss 0.27001234 - samples/sec: 49.32
2020-08-08 08:54:16,324 epoch 9 - iter 114/196 - loss 0.26518997 - samples/sec: 49.22
2020-08-08 08:54:29,282 epoch 9 - iter 133/196 - loss 0.26417072 - samples/sec: 48.99
2020-08-08 08:54:42,343 epoch 9 - iter 152/196 - loss 0.26209367 - samples/sec: 47.64
2020-08-08 08:54:56,456 epoch 9 - iter 171/196 - loss 0.25772984 - samples/sec: 45.63
2020-08-08 08:55:09,847 epoch 9 - iter 190/196 - loss 0.25791788 - samples/sec: 47.09
2020-08-08 08:55:13,582 ----------------------------------------------------------------------------------------------------
2020-08-08 08:55:13,588 EPOCH 9 done: loss 0.2576 - lr 0.1000000
2020-08-08 08:55:35,982 DEV : loss 0.45591118931770325 - score 0.9207
2020-08-08 08:55:37,239 BAD EPOCHS (no improvement): 0
2020-08-08 08:55:37,547 ----------------------------------------------------------------------------------------------------
2020-08-08 08:55:54,134 epoch 10 - iter 19/196 - loss 0.26830934 - samples/sec: 38.87
2020-08-08 08:56:07,942 epoch 10 - iter 38/196 - loss 0.24359108 - samples/sec: 45.79
2020-08-08 08:56:21,747 epoch 10 - iter 57/196 - loss 0.23834237 - samples/sec: 45.86
2020-08-08 08:56:35,066 epoch 10 - iter 76/196 - loss 0.24461807 - samples/sec: 47.60
2020-08-08 08:56:52,875 epoch 10 - iter 95/196 - loss 0.24280945 - samples/sec: 35.17
2020-08-08 08:57:06,033 epoch 10 - iter 114/196 - loss 0.23625681 - samples/sec: 47.25
2020-08-08 08:57:23,882 epoch 10 - iter 133/196 - loss 0.23882125 - samples/sec: 35.09
2020-08-08 08:57:37,736 epoch 10 - iter 152/196 - loss 0.23927270 - samples/sec: 45.76
2020-08-08 08:57:51,623 epoch 10 - iter 171/196 - loss 0.23524710 - samples/sec: 44.70
2020-08-08 08:58:04,978 epoch 10 - iter 190/196 - loss 0.23728351 - samples/sec: 47.43
2020-08-08 08:58:08,884 ----------------------------------------------------------------------------------------------------
2020-08-08 08:58:08,890 EPOCH 10 done: loss 0.2485 - lr 0.1000000
2020-08-08 08:58:31,102 DEV : loss 0.5320945382118225 - score 0.902
2020-08-08 08:58:32,383 BAD EPOCHS (no improvement): 1
2020-08-08 08:58:32,392 ----------------------------------------------------------------------------------------------------
2020-08-08 08:58:51,431 epoch 11 - iter 19/196 - loss 0.22867218 - samples/sec: 33.49
2020-08-08 08:59:10,061 epoch 11 - iter 38/196 - loss 0.21598574 - samples/sec: 33.53
2020-08-08 08:59:23,737 epoch 11 - iter 57/196 - loss 0.21298646 - samples/sec: 46.43
2020-08-08 08:59:37,080 epoch 11 - iter 76/196 - loss 0.21070404 - samples/sec: 46.65
2020-08-08 08:59:49,706 epoch 11 - iter 95/196 - loss 0.21688241 - samples/sec: 50.37
2020-08-08 09:00:03,426 epoch 11 - iter 114/196 - loss 0.21775622 - samples/sec: 46.13
2020-08-08 09:00:16,895 epoch 11 - iter 133/196 - loss 0.22364147 - samples/sec: 46.80
2020-08-08 09:00:30,162 epoch 11 - iter 152/196 - loss 0.22056728 - samples/sec: 47.81
2020-08-08 09:00:43,857 epoch 11 - iter 171/196 - loss 0.22438911 - samples/sec: 46.22
2020-08-08 09:00:58,969 epoch 11 - iter 190/196 - loss 0.22279670 - samples/sec: 41.62
2020-08-08 09:01:02,745 ----------------------------------------------------------------------------------------------------
2020-08-08 09:01:02,752 EPOCH 11 done: loss 0.2213 - lr 0.1000000
2020-08-08 09:01:25,444 DEV : loss 0.5567432641983032 - score 0.9169
2020-08-08 09:01:26,700 BAD EPOCHS (no improvement): 2
2020-08-08 09:01:26,705 ----------------------------------------------------------------------------------------------------
2020-08-08 09:01:40,273 epoch 12 - iter 19/196 - loss 0.20808125 - samples/sec: 47.69
2020-08-08 09:01:58,179 epoch 12 - iter 38/196 - loss 0.21240716 - samples/sec: 34.98
2020-08-08 09:02:11,437 epoch 12 - iter 57/196 - loss 0.20167231 - samples/sec: 47.79
2020-08-08 09:02:24,830 epoch 12 - iter 76/196 - loss 0.20255575 - samples/sec: 47.31
2020-08-08 09:02:37,438 epoch 12 - iter 95/196 - loss 0.20054417 - samples/sec: 49.51
2020-08-08 09:02:50,153 epoch 12 - iter 114/196 - loss 0.20844131 - samples/sec: 49.96
2020-08-08 09:03:04,043 epoch 12 - iter 133/196 - loss 0.20406963 - samples/sec: 45.88
2020-08-08 09:03:17,202 epoch 12 - iter 152/196 - loss 0.20934161 - samples/sec: 48.21
2020-08-08 09:03:35,456 epoch 12 - iter 171/196 - loss 0.20677398 - samples/sec: 34.33
2020-08-08 09:03:51,177 epoch 12 - iter 190/196 - loss 0.20713769 - samples/sec: 39.43
2020-08-08 09:03:55,129 ----------------------------------------------------------------------------------------------------
2020-08-08 09:03:55,135 EPOCH 12 done: loss 0.2064 - lr 0.1000000
2020-08-08 09:04:17,555 DEV : loss 0.5308669209480286 - score 0.9174
2020-08-08 09:04:18,822 BAD EPOCHS (no improvement): 3
2020-08-08 09:04:18,830 ----------------------------------------------------------------------------------------------------
2020-08-08 09:04:32,284 epoch 13 - iter 19/196 - loss 0.18977473 - samples/sec: 48.30
2020-08-08 09:04:45,507 epoch 13 - iter 38/196 - loss 0.18833875 - samples/sec: 48.78
2020-08-08 09:04:58,798 epoch 13 - iter 57/196 - loss 0.17730579 - samples/sec: 47.62
2020-08-08 09:05:16,156 epoch 13 - iter 76/196 - loss 0.17754520 - samples/sec: 36.23
2020-08-08 09:05:29,611 epoch 13 - iter 95/196 - loss 0.18253578 - samples/sec: 47.19
2020-08-08 09:05:47,630 epoch 13 - iter 114/196 - loss 0.18301728 - samples/sec: 34.36
2020-08-08 09:06:00,288 epoch 13 - iter 133/196 - loss 0.18195974 - samples/sec: 50.07
2020-08-08 09:06:13,442 epoch 13 - iter 152/196 - loss 0.18343330 - samples/sec: 48.26
2020-08-08 09:06:26,219 epoch 13 - iter 171/196 - loss 0.17941332 - samples/sec: 49.60
2020-08-08 09:06:42,190 epoch 13 - iter 190/196 - loss 0.18629380 - samples/sec: 39.34
2020-08-08 09:06:46,189 ----------------------------------------------------------------------------------------------------
2020-08-08 09:06:46,195 EPOCH 13 done: loss 0.1867 - lr 0.1000000
2020-08-08 09:07:08,860 DEV : loss 0.42272767424583435 - score 0.9306
2020-08-08 09:07:10,107 BAD EPOCHS (no improvement): 0
2020-08-08 09:07:10,397 ----------------------------------------------------------------------------------------------------
2020-08-08 09:07:25,218 epoch 14 - iter 19/196 - loss 0.14369434 - samples/sec: 44.09
2020-08-08 09:07:38,781 epoch 14 - iter 38/196 - loss 0.15512525 - samples/sec: 46.02
2020-08-08 09:07:55,984 epoch 14 - iter 57/196 - loss 0.15943801 - samples/sec: 36.41
2020-08-08 09:08:14,496 epoch 14 - iter 76/196 - loss 0.15520434 - samples/sec: 33.37
2020-08-08 09:08:28,134 epoch 14 - iter 95/196 - loss 0.15823986 - samples/sec: 47.40
2020-08-08 09:08:41,427 epoch 14 - iter 114/196 - loss 0.16031927 - samples/sec: 47.65
2020-08-08 09:08:54,211 epoch 14 - iter 133/196 - loss 0.16940396 - samples/sec: 49.54
2020-08-08 09:09:07,078 epoch 14 - iter 152/196 - loss 0.16930653 - samples/sec: 48.33
2020-08-08 09:09:22,694 epoch 14 - iter 171/196 - loss 0.16596160 - samples/sec: 40.25
2020-08-08 09:09:35,305 epoch 14 - iter 190/196 - loss 0.16909777 - samples/sec: 50.32
2020-08-08 09:09:39,172 ----------------------------------------------------------------------------------------------------
2020-08-08 09:09:39,178 EPOCH 14 done: loss 0.1667 - lr 0.1000000
2020-08-08 09:10:01,615 DEV : loss 0.5014860033988953 - score 0.9276
2020-08-08 09:10:02,874 BAD EPOCHS (no improvement): 1
2020-08-08 09:10:02,880 ----------------------------------------------------------------------------------------------------
2020-08-08 09:10:17,068 epoch 15 - iter 19/196 - loss 0.19178708 - samples/sec: 45.83
2020-08-08 09:10:30,316 epoch 15 - iter 38/196 - loss 0.17498011 - samples/sec: 46.98
2020-08-08 09:10:43,401 epoch 15 - iter 57/196 - loss 0.15722345 - samples/sec: 47.54
2020-08-08 09:11:04,520 epoch 15 - iter 76/196 - loss 0.15144784 - samples/sec: 29.17
2020-08-08 09:11:17,399 epoch 15 - iter 95/196 - loss 0.16110033 - samples/sec: 49.17
2020-08-08 09:11:35,195 epoch 15 - iter 114/196 - loss 0.16441877 - samples/sec: 35.25
2020-08-08 09:11:48,897 epoch 15 - iter 133/196 - loss 0.16593154 - samples/sec: 45.39
2020-08-08 09:12:02,584 epoch 15 - iter 152/196 - loss 0.16548016 - samples/sec: 45.44
2020-08-08 09:12:16,036 epoch 15 - iter 171/196 - loss 0.16571118 - samples/sec: 47.12
2020-08-08 09:12:29,731 epoch 15 - iter 190/196 - loss 0.16842256 - samples/sec: 46.15
2020-08-08 09:12:33,465 ----------------------------------------------------------------------------------------------------
2020-08-08 09:12:33,467 EPOCH 15 done: loss 0.1660 - lr 0.1000000
2020-08-08 09:12:55,521 DEV : loss 0.47942957282066345 - score 0.9293
2020-08-08 09:12:56,797 BAD EPOCHS (no improvement): 2
2020-08-08 09:12:56,804 ----------------------------------------------------------------------------------------------------
2020-08-08 09:13:13,434 epoch 16 - iter 19/196 - loss 0.10624601 - samples/sec: 38.49
2020-08-08 09:13:26,515 epoch 16 - iter 38/196 - loss 0.09302678 - samples/sec: 47.76
2020-08-08 09:13:49,134 epoch 16 - iter 57/196 - loss 0.10868152 - samples/sec: 27.65
2020-08-08 09:14:02,157 epoch 16 - iter 76/196 - loss 0.12785725 - samples/sec: 48.51
2020-08-08 09:14:15,389 epoch 16 - iter 95/196 - loss 0.13914956 - samples/sec: 48.81
2020-08-08 09:14:28,760 epoch 16 - iter 114/196 - loss 0.14117498 - samples/sec: 47.44
2020-08-08 09:14:42,217 epoch 16 - iter 133/196 - loss 0.14202882 - samples/sec: 46.28
2020-08-08 09:14:55,975 epoch 16 - iter 152/196 - loss 0.14006735 - samples/sec: 45.37
2020-08-08 09:15:09,256 epoch 16 - iter 171/196 - loss 0.14375018 - samples/sec: 46.70
2020-08-08 09:15:22,346 epoch 16 - iter 190/196 - loss 0.14344384 - samples/sec: 48.36
2020-08-08 09:15:25,920 ----------------------------------------------------------------------------------------------------
2020-08-08 09:15:25,926 EPOCH 16 done: loss 0.1454 - lr 0.1000000
2020-08-08 09:15:48,096 DEV : loss 0.5077077150344849 - score 0.925
2020-08-08 09:15:49,357 BAD EPOCHS (no improvement): 3
2020-08-08 09:15:49,366 ----------------------------------------------------------------------------------------------------
2020-08-08 09:16:10,200 epoch 17 - iter 19/196 - loss 0.10598181 - samples/sec: 29.94
2020-08-08 09:16:23,466 epoch 17 - iter 38/196 - loss 0.11551487 - samples/sec: 46.87
2020-08-08 09:16:36,434 epoch 17 - iter 57/196 - loss 0.11876503 - samples/sec: 48.08
2020-08-08 09:16:49,544 epoch 17 - iter 76/196 - loss 0.12417166 - samples/sec: 47.54
2020-08-08 09:17:07,316 epoch 17 - iter 95/196 - loss 0.13144560 - samples/sec: 34.74
2020-08-08 09:17:20,891 epoch 17 - iter 114/196 - loss 0.13352072 - samples/sec: 46.57
2020-08-08 09:17:33,889 epoch 17 - iter 133/196 - loss 0.13737860 - samples/sec: 48.90
2020-08-08 09:17:47,114 epoch 17 - iter 152/196 - loss 0.13995092 - samples/sec: 47.86
2020-08-08 09:17:59,736 epoch 17 - iter 171/196 - loss 0.14203637 - samples/sec: 50.13
2020-08-08 09:18:12,661 epoch 17 - iter 190/196 - loss 0.14321716 - samples/sec: 48.35
2020-08-08 09:18:16,651 ----------------------------------------------------------------------------------------------------
2020-08-08 09:18:16,658 EPOCH 17 done: loss 0.1430 - lr 0.1000000
2020-08-08 09:18:38,972 DEV : loss 0.7020229697227478 - score 0.914
2020-08-08 09:18:40,241 BAD EPOCHS (no improvement): 4
2020-08-08 09:18:40,245 ----------------------------------------------------------------------------------------------------
2020-08-08 09:18:54,219 epoch 18 - iter 19/196 - loss 0.08556143 - samples/sec: 46.33
2020-08-08 09:19:12,451 epoch 18 - iter 38/196 - loss 0.12876041 - samples/sec: 34.46
2020-08-08 09:19:27,685 epoch 18 - iter 57/196 - loss 0.11828070 - samples/sec: 40.65
2020-08-08 09:19:40,873 epoch 18 - iter 76/196 - loss 0.11128604 - samples/sec: 49.04
2020-08-08 09:19:59,556 epoch 18 - iter 95/196 - loss 0.10560528 - samples/sec: 33.48
2020-08-08 09:20:12,300 epoch 18 - iter 114/196 - loss 0.10250793 - samples/sec: 48.92
2020-08-08 09:20:25,773 epoch 18 - iter 133/196 - loss 0.10550003 - samples/sec: 46.13
2020-08-08 09:20:38,815 epoch 18 - iter 152/196 - loss 0.10559303 - samples/sec: 48.64
2020-08-08 09:20:51,501 epoch 18 - iter 171/196 - loss 0.10484242 - samples/sec: 49.18
2020-08-08 09:21:04,742 epoch 18 - iter 190/196 - loss 0.10072211 - samples/sec: 47.76
2020-08-08 09:21:08,595 ----------------------------------------------------------------------------------------------------
2020-08-08 09:21:08,601 EPOCH 18 done: loss 0.1008 - lr 0.0500000
2020-08-08 09:21:30,280 DEV : loss 0.5493811964988708 - score 0.9259
2020-08-08 09:21:31,546 BAD EPOCHS (no improvement): 1
2020-08-08 09:21:31,551 ----------------------------------------------------------------------------------------------------
2020-08-08 09:21:45,255 epoch 19 - iter 19/196 - loss 0.07553236 - samples/sec: 46.19
2020-08-08 09:21:58,357 epoch 19 - iter 38/196 - loss 0.08035950 - samples/sec: 47.59
2020-08-08 09:22:11,579 epoch 19 - iter 57/196 - loss 0.07047270 - samples/sec: 48.00
2020-08-08 09:22:24,816 epoch 19 - iter 76/196 - loss 0.06845452 - samples/sec: 46.93
2020-08-08 09:22:43,723 epoch 19 - iter 95/196 - loss 0.07039527 - samples/sec: 33.04
2020-08-08 09:22:56,750 epoch 19 - iter 114/196 - loss 0.07305212 - samples/sec: 47.78
2020-08-08 09:23:09,539 epoch 19 - iter 133/196 - loss 0.07806205 - samples/sec: 48.58
2020-08-08 09:23:25,186 epoch 19 - iter 152/196 - loss 0.07866670 - samples/sec: 39.70
2020-08-08 09:23:43,165 epoch 19 - iter 171/196 - loss 0.08785040 - samples/sec: 34.84
2020-08-08 09:23:56,147 epoch 19 - iter 190/196 - loss 0.09398238 - samples/sec: 48.88
2020-08-08 09:23:59,641 ----------------------------------------------------------------------------------------------------
2020-08-08 09:23:59,643 EPOCH 19 done: loss 0.0945 - lr 0.0500000
2020-08-08 09:24:21,764 DEV : loss 0.4488963186740875 - score 0.9302
2020-08-08 09:24:23,016 BAD EPOCHS (no improvement): 2
2020-08-08 09:24:23,022 ----------------------------------------------------------------------------------------------------
2020-08-08 09:24:36,638 epoch 20 - iter 19/196 - loss 0.10983622 - samples/sec: 46.33
2020-08-08 09:24:49,780 epoch 20 - iter 38/196 - loss 0.10913109 - samples/sec: 48.20
2020-08-08 09:25:10,622 epoch 20 - iter 57/196 - loss 0.10374065 - samples/sec: 29.68
2020-08-08 09:25:23,620 epoch 20 - iter 76/196 - loss 0.09812350 - samples/sec: 47.86
2020-08-08 09:25:36,689 epoch 20 - iter 95/196 - loss 0.09736538 - samples/sec: 47.63
2020-08-08 09:25:49,757 epoch 20 - iter 114/196 - loss 0.09173596 - samples/sec: 47.73
2020-08-08 09:26:03,435 epoch 20 - iter 133/196 - loss 0.09040198 - samples/sec: 46.26
2020-08-08 09:26:16,265 epoch 20 - iter 152/196 - loss 0.08974960 - samples/sec: 49.67
2020-08-08 09:26:29,757 epoch 20 - iter 171/196 - loss 0.08976745 - samples/sec: 46.00
2020-08-08 09:26:48,068 epoch 20 - iter 190/196 - loss 0.08812539 - samples/sec: 34.16
2020-08-08 09:26:51,723 ----------------------------------------------------------------------------------------------------
2020-08-08 09:26:51,729 EPOCH 20 done: loss 0.0870 - lr 0.0500000
2020-08-08 09:27:13,663 DEV : loss 0.5949434041976929 - score 0.9271
2020-08-08 09:27:14,947 BAD EPOCHS (no improvement): 3
2020-08-08 09:27:15,217 ----------------------------------------------------------------------------------------------------
2020-08-08 09:27:15,223 Testing using best model ...
2020-08-08 09:27:15,228 loading file bert-base-model/best-model.pt
2020-08-08 09:40:16,588 loading file bert-base-model/best-model.pt
2020-08-08 09:44:56,280 loading file bert-base-model/best-model.pt
2020-08-08 09:45:17,050 loading file bert-base-model/best-model.pt
