2020-08-08 13:53:58,740 ----------------------------------------------------------------------------------------------------
2020-08-08 13:53:58,744 Model: "TextClassifier(
  (document_embeddings): DocumentLSTMEmbeddings(
    (embeddings): StackedEmbeddings(
      (list_embedding_0): ELMoEmbeddings(model=0-elmo-small-all)
    )
    (word_reprojection_map): Linear(in_features=768, out_features=256, bias=True)
    (rnn): GRU(256, 512)
    (dropout): Dropout(p=0.5, inplace=False)
  )
  (decoder): Linear(in_features=512, out_features=2, bias=True)
  (loss_function): CrossEntropyLoss()
  (beta): 1.0
  (weights): None
  (weight_tensor) None
)"
2020-08-08 13:53:58,749 ----------------------------------------------------------------------------------------------------
2020-08-08 13:53:58,751 Corpus: "Corpus: 6935 train + 999 dev + 999 test sentences"
2020-08-08 13:53:58,754 ----------------------------------------------------------------------------------------------------
2020-08-08 13:53:58,760 Parameters:
2020-08-08 13:53:58,769  - learning_rate: "0.1"
2020-08-08 13:53:58,771  - mini_batch_size: "32"
2020-08-08 13:53:58,774  - patience: "3"
2020-08-08 13:53:58,777  - anneal_factor: "0.5"
2020-08-08 13:53:58,779  - max_epochs: "2"
2020-08-08 13:53:58,781  - shuffle: "True"
2020-08-08 13:53:58,784  - train_with_dev: "False"
2020-08-08 13:53:58,787  - batch_growth_annealing: "False"
2020-08-08 13:53:58,790 ----------------------------------------------------------------------------------------------------
2020-08-08 13:53:58,796 Model training base path: "elmo-medium-model"
2020-08-08 13:53:58,799 ----------------------------------------------------------------------------------------------------
2020-08-08 13:53:58,801 Device: cuda
2020-08-08 13:53:58,806 ----------------------------------------------------------------------------------------------------
2020-08-08 13:53:58,807 Embeddings storage mode: gpu
2020-08-08 13:53:59,394 ----------------------------------------------------------------------------------------------------
2020-08-08 13:54:14,128 epoch 1 - iter 21/217 - loss 0.89675598 - samples/sec: 47.39
2020-08-08 13:54:32,950 epoch 1 - iter 42/217 - loss 0.77669173 - samples/sec: 36.83
2020-08-08 13:54:54,695 epoch 1 - iter 63/217 - loss 0.73779458 - samples/sec: 31.74
2020-08-08 13:55:08,689 epoch 1 - iter 84/217 - loss 0.69726765 - samples/sec: 50.01
2020-08-08 13:55:22,917 epoch 1 - iter 105/217 - loss 0.67804226 - samples/sec: 48.51
2020-08-08 13:55:37,437 epoch 1 - iter 126/217 - loss 0.66662574 - samples/sec: 48.16
2020-08-08 13:55:51,242 epoch 1 - iter 147/217 - loss 0.65281285 - samples/sec: 50.61
2020-08-08 13:56:10,957 epoch 1 - iter 168/217 - loss 0.64740201 - samples/sec: 34.94
2020-08-08 13:56:27,515 epoch 1 - iter 189/217 - loss 0.63642407 - samples/sec: 41.91
2020-08-08 13:56:41,088 epoch 1 - iter 210/217 - loss 0.63010869 - samples/sec: 50.89
2020-08-08 13:56:45,505 ----------------------------------------------------------------------------------------------------
2020-08-08 13:56:45,510 EPOCH 1 done: loss 0.6263 - lr 0.1000000
2020-08-08 13:57:07,217 DEV : loss 0.5944939255714417 - score 0.874
2020-08-08 13:57:07,858 BAD EPOCHS (no improvement): 0
2020-08-08 13:57:08,168 ----------------------------------------------------------------------------------------------------
2020-08-08 13:57:24,806 epoch 2 - iter 21/217 - loss 0.55369973 - samples/sec: 42.31
2020-08-08 13:57:46,021 epoch 2 - iter 42/217 - loss 0.53407124 - samples/sec: 32.22
2020-08-08 13:58:00,292 epoch 2 - iter 63/217 - loss 0.54438201 - samples/sec: 49.95
2020-08-08 13:58:13,971 epoch 2 - iter 84/217 - loss 0.54383643 - samples/sec: 50.25
2020-08-08 13:58:35,699 epoch 2 - iter 105/217 - loss 0.54760996 - samples/sec: 31.41
2020-08-08 13:58:49,537 epoch 2 - iter 126/217 - loss 0.54451700 - samples/sec: 51.44
2020-08-08 13:59:08,716 epoch 2 - iter 147/217 - loss 0.54448885 - samples/sec: 35.72
2020-08-08 13:59:22,420 epoch 2 - iter 168/217 - loss 0.54279218 - samples/sec: 51.16
2020-08-08 13:59:36,569 epoch 2 - iter 189/217 - loss 0.54061375 - samples/sec: 50.41
2020-08-08 13:59:50,322 epoch 2 - iter 210/217 - loss 0.53584724 - samples/sec: 50.10
2020-08-08 13:59:54,779 ----------------------------------------------------------------------------------------------------
2020-08-08 13:59:54,781 EPOCH 2 done: loss 0.5331 - lr 0.1000000
2020-08-08 14:00:15,963 DEV : loss 0.6390939950942993 - score 0.8698
2020-08-08 14:00:16,587 BAD EPOCHS (no improvement): 1
2020-08-08 14:00:16,879 ----------------------------------------------------------------------------------------------------
2020-08-08 14:00:16,884 Testing using best model ...
2020-08-08 14:00:16,889 loading file elmo-medium-model/best-model.pt
2020-08-08 14:02:02,753 loading file elmo-medium-model/best-model.pt
2020-08-08 14:04:15,488 loading file elmo-medium-model/best-model.pt
